<?xml version="1.0" encoding="UTF-8"?>
<testng-results skipped="0" failed="2" total="6" passed="4">
  <reporter-output>
  </reporter-output>
  <suite name="Suite" duration-ms="44797" started-at="2020-02-25T06:43:31Z" finished-at="2020-02-25T06:44:16Z">
    <groups>
    </groups>
    <test name="Test1" duration-ms="22080" started-at="2020-02-25T06:43:31Z" finished-at="2020-02-25T06:43:53Z">
      <class name="com.test.DemoWebShopLoginTest">
        <test-method status="PASS" signature="beforeTest(java.lang.String)[pri:0, instance:com.test.DemoWebShopLoginTest@51565ec2]" name="beforeTest" is-config="true" duration-ms="15876" started-at="2020-02-25T12:13:31Z" finished-at="2020-02-25T12:13:47Z">
          <params>
            <param index="0">
              <value>
                <![CDATA[chrome]]>
              </value>
            </param>
          </params>
          <reporter-output>
          </reporter-output>
        </test-method> <!-- beforeTest -->
        <test-method status="PASS" signature="testLogin(java.lang.String, java.lang.String)[pri:0, instance:com.test.DemoWebShopLoginTest@51565ec2]" name="testLogin" duration-ms="2409" started-at="2020-02-25T12:13:47Z" data-provider="dp1" finished-at="2020-02-25T12:13:50Z">
          <params>
            <param index="0">
              <value>
                <![CDATA[kannan1@gmail.com]]>
              </value>
            </param>
            <param index="1">
              <value>
                <![CDATA[test1234]]>
              </value>
            </param>
          </params>
          <reporter-output>
          </reporter-output>
        </test-method> <!-- testLogin -->
        <test-method status="FAIL" signature="testLogin(java.lang.String, java.lang.String)[pri:0, instance:com.test.DemoWebShopLoginTest@51565ec2]" name="testLogin" duration-ms="1310" started-at="2020-02-25T12:13:50Z" data-provider="dp1" finished-at="2020-02-25T12:13:51Z">
          <params>
            <param index="0">
              <value>
                <![CDATA[askme@gmail.com]]>
              </value>
            </param>
            <param index="1">
              <value>
                <![CDATA[pass1233]]>
              </value>
            </param>
          </params>
          <exception class="java.lang.AssertionError">
            <message>
              <![CDATA[expected [true] but found [false]]]>
            </message>
            <full-stacktrace>
              <![CDATA[java.lang.AssertionError: expected [true] but found [false]
	at org.testng.Assert.fail(Assert.java:94)
	at org.testng.Assert.failNotEquals(Assert.java:513)
	at org.testng.Assert.assertTrue(Assert.java:42)
	at org.testng.Assert.assertTrue(Assert.java:52)
	at com.test.DemoWebShopLoginTest.testLogin(DemoWebShopLoginTest.java:40)
	at sun.reflect.NativeMethodAccessorImpl.invoke0(Native Method)
	at sun.reflect.NativeMethodAccessorImpl.invoke(Unknown Source)
	at sun.reflect.DelegatingMethodAccessorImpl.invoke(Unknown Source)
	at java.lang.reflect.Method.invoke(Unknown Source)
	at org.testng.internal.MethodInvocationHelper.invokeMethod(MethodInvocationHelper.java:100)
	at org.testng.internal.Invoker.invokeMethod(Invoker.java:646)
	at org.testng.internal.Invoker.invokeTestMethod(Invoker.java:811)
	at org.testng.internal.Invoker.invokeTestMethods(Invoker.java:1137)
	at org.testng.internal.TestMethodWorker.invokeTestMethods(TestMethodWorker.java:129)
	at org.testng.internal.TestMethodWorker.run(TestMethodWorker.java:112)
	at org.testng.TestRunner.privateRun(TestRunner.java:753)
	at org.testng.TestRunner.run(TestRunner.java:607)
	at org.testng.SuiteRunner.runTest(SuiteRunner.java:368)
	at org.testng.SuiteRunner.runSequentially(SuiteRunner.java:363)
	at org.testng.SuiteRunner.privateRun(SuiteRunner.java:321)
	at org.testng.SuiteRunner.run(SuiteRunner.java:270)
	at org.testng.SuiteRunnerWorker.runSuite(SuiteRunnerWorker.java:52)
	at org.testng.SuiteRunnerWorker.run(SuiteRunnerWorker.java:86)
	at org.testng.TestNG.runSuitesSequentially(TestNG.java:1284)
	at org.testng.TestNG.runSuitesLocally(TestNG.java:1209)
	at org.testng.TestNG.runSuites(TestNG.java:1124)
	at org.testng.TestNG.run(TestNG.java:1096)
	at org.testng.remote.AbstractRemoteTestNG.run(AbstractRemoteTestNG.java:132)
	at org.testng.remote.RemoteTestNG.initAndRun(RemoteTestNG.java:236)
	at org.testng.remote.RemoteTestNG.main(RemoteTestNG.java:81)
]]>
            </full-stacktrace>
          </exception> <!-- java.lang.AssertionError -->
          <reporter-output>
          </reporter-output>
        </test-method> <!-- testLogin -->
        <test-method status="PASS" signature="testLogin(java.lang.String, java.lang.String)[pri:0, instance:com.test.DemoWebShopLoginTest@51565ec2]" name="testLogin" duration-ms="2342" started-at="2020-02-25T12:13:51Z" data-provider="dp1" finished-at="2020-02-25T12:13:53Z">
          <params>
            <param index="0">
              <value>
                <![CDATA[kannan2@gmail.com]]>
              </value>
            </param>
            <param index="1">
              <value>
                <![CDATA[test1234]]>
              </value>
            </param>
          </params>
          <reporter-output>
          </reporter-output>
        </test-method> <!-- testLogin -->
        <test-method status="PASS" signature="afterTest()[pri:0, instance:com.test.DemoWebShopLoginTest@51565ec2]" name="afterTest" is-config="true" duration-ms="106" started-at="2020-02-25T12:13:53Z" finished-at="2020-02-25T12:13:53Z">
          <reporter-output>
          </reporter-output>
        </test-method> <!-- afterTest -->
      </class> <!-- com.test.DemoWebShopLoginTest -->
    </test> <!-- Test1 -->
    <test name="Test2" duration-ms="22670" started-at="2020-02-25T06:43:53Z" finished-at="2020-02-25T06:44:16Z">
      <class name="com.test.DemoWebShopLoginTest">
        <test-method status="PASS" signature="beforeTest(java.lang.String)[pri:0, instance:com.test.DemoWebShopLoginTest@59fa1d9b]" name="beforeTest" is-config="true" duration-ms="13571" started-at="2020-02-25T12:13:53Z" finished-at="2020-02-25T12:14:07Z">
          <params>
            <param index="0">
              <value>
                <![CDATA[firefox]]>
              </value>
            </param>
          </params>
          <reporter-output>
          </reporter-output>
        </test-method> <!-- beforeTest -->
        <test-method status="PASS" signature="testLogin(java.lang.String, java.lang.String)[pri:0, instance:com.test.DemoWebShopLoginTest@59fa1d9b]" name="testLogin" duration-ms="2950" started-at="2020-02-25T12:14:07Z" data-provider="dp1" finished-at="2020-02-25T12:14:10Z">
          <params>
            <param index="0">
              <value>
                <![CDATA[kannan1@gmail.com]]>
              </value>
            </param>
            <param index="1">
              <value>
                <![CDATA[test1234]]>
              </value>
            </param>
          </params>
          <reporter-output>
          </reporter-output>
        </test-method> <!-- testLogin -->
        <test-method status="FAIL" signature="testLogin(java.lang.String, java.lang.String)[pri:0, instance:com.test.DemoWebShopLoginTest@59fa1d9b]" name="testLogin" duration-ms="1688" started-at="2020-02-25T12:14:10Z" data-provider="dp1" finished-at="2020-02-25T12:14:12Z">
          <params>
            <param index="0">
              <value>
                <![CDATA[askme@gmail.com]]>
              </value>
            </param>
            <param index="1">
              <value>
                <![CDATA[pass1233]]>
              </value>
            </param>
          </params>
          <exception class="java.lang.AssertionError">
            <message>
              <![CDATA[expected [true] but found [false]]]>
            </message>
            <full-stacktrace>
              <![CDATA[java.lang.AssertionError: expected [true] but found [false]
	at org.testng.Assert.fail(Assert.java:94)
	at org.testng.Assert.failNotEquals(Assert.java:513)
	at org.testng.Assert.assertTrue(Assert.java:42)
	at org.testng.Assert.assertTrue(Assert.java:52)
	at com.test.DemoWebShopLoginTest.testLogin(DemoWebShopLoginTest.java:40)
	at sun.reflect.NativeMethodAccessorImpl.invoke0(Native Method)
	at sun.reflect.NativeMethodAccessorImpl.invoke(Unknown Source)
	at sun.reflect.DelegatingMethodAccessorImpl.invoke(Unknown Source)
	at java.lang.reflect.Method.invoke(Unknown Source)
	at org.testng.internal.MethodInvocationHelper.invokeMethod(MethodInvocationHelper.java:100)
	at org.testng.internal.Invoker.invokeMethod(Invoker.java:646)
	at org.testng.internal.Invoker.invokeTestMethod(Invoker.java:811)
	at org.testng.internal.Invoker.invokeTestMethods(Invoker.java:1137)
	at org.testng.internal.TestMethodWorker.invokeTestMethods(TestMethodWorker.java:129)
	at org.testng.internal.TestMethodWorker.run(TestMethodWorker.java:112)
	at org.testng.TestRunner.privateRun(TestRunner.java:753)
	at org.testng.TestRunner.run(TestRunner.java:607)
	at org.testng.SuiteRunner.runTest(SuiteRunner.java:368)
	at org.testng.SuiteRunner.runSequentially(SuiteRunner.java:363)
	at org.testng.SuiteRunner.privateRun(SuiteRunner.java:321)
	at org.testng.SuiteRunner.run(SuiteRunner.java:270)
	at org.testng.SuiteRunnerWorker.runSuite(SuiteRunnerWorker.java:52)
	at org.testng.SuiteRunnerWorker.run(SuiteRunnerWorker.java:86)
	at org.testng.TestNG.runSuitesSequentially(TestNG.java:1284)
	at org.testng.TestNG.runSuitesLocally(TestNG.java:1209)
	at org.testng.TestNG.runSuites(TestNG.java:1124)
	at org.testng.TestNG.run(TestNG.java:1096)
	at org.testng.remote.AbstractRemoteTestNG.run(AbstractRemoteTestNG.java:132)
	at org.testng.remote.RemoteTestNG.initAndRun(RemoteTestNG.java:236)
	at org.testng.remote.RemoteTestNG.main(RemoteTestNG.java:81)
]]>
            </full-stacktrace>
          </exception> <!-- java.lang.AssertionError -->
          <reporter-output>
          </reporter-output>
        </test-method> <!-- testLogin -->
        <test-method status="PASS" signature="testLogin(java.lang.String, java.lang.String)[pri:0, instance:com.test.DemoWebShopLoginTest@59fa1d9b]" name="testLogin" duration-ms="2920" started-at="2020-02-25T12:14:12Z" data-provider="dp1" finished-at="2020-02-25T12:14:15Z">
          <params>
            <param index="0">
              <value>
                <![CDATA[kannan2@gmail.com]]>
              </value>
            </param>
            <param index="1">
              <value>
                <![CDATA[test1234]]>
              </value>
            </param>
          </params>
          <reporter-output>
          </reporter-output>
        </test-method> <!-- testLogin -->
        <test-method status="PASS" signature="afterTest()[pri:0, instance:com.test.DemoWebShopLoginTest@59fa1d9b]" name="afterTest" is-config="true" duration-ms="1541" started-at="2020-02-25T12:14:15Z" finished-at="2020-02-25T12:14:16Z">
          <reporter-output>
          </reporter-output>
        </test-method> <!-- afterTest -->
      </class> <!-- com.test.DemoWebShopLoginTest -->
    </test> <!-- Test2 -->
  </suite> <!-- Suite -->
</testng-results>
