<?xml version="1.0" encoding="UTF-8"?>
<testng-results skipped="0" failed="1" ignored="0" total="2" passed="1">
  <reporter-output>
  </reporter-output>
  <suite name="Default suite" duration-ms="11052" started-at="2019-07-03T15:49:37Z" finished-at="2019-07-03T15:49:48Z">
    <groups>
    </groups>
    <test name="Default test" duration-ms="11052" started-at="2019-07-03T15:49:37Z" finished-at="2019-07-03T15:49:48Z">
      <class name="com.tests.DemoWebShopLoginTestWithPOMdesignpattern">
        <test-method status="PASS" signature="beforeTest()[pri:0, instance:com.tests.DemoWebShopLoginTestWithPOMdesignpattern@4520ebad]" name="beforeTest" is-config="true" duration-ms="9167" started-at="2019-07-03T21:19:37Z" finished-at="2019-07-03T21:19:46Z">
          <reporter-output>
          </reporter-output>
        </test-method> <!-- beforeTest -->
        <test-method status="PASS" signature="test1()[pri:1, instance:com.tests.DemoWebShopLoginTestWithPOMdesignpattern@4520ebad]" name="test1" duration-ms="602" started-at="2019-07-03T21:19:46Z" finished-at="2019-07-03T21:19:47Z">
          <reporter-output>
          </reporter-output>
        </test-method> <!-- test1 -->
        <test-method status="FAIL" signature="test2()[pri:2, instance:com.tests.DemoWebShopLoginTestWithPOMdesignpattern@4520ebad]" name="test2" duration-ms="1106" started-at="2019-07-03T21:19:47Z" finished-at="2019-07-03T21:19:48Z">
          <exception class="java.lang.AssertionError">
            <message>
              <![CDATA[expected [true] but found [false]]]>
            </message>
            <full-stacktrace>
              <![CDATA[java.lang.AssertionError: expected [true] but found [false]
	at org.testng.Assert.fail(Assert.java:94)
	at org.testng.Assert.failNotEquals(Assert.java:513)
	at org.testng.Assert.assertTrue(Assert.java:42)
	at org.testng.Assert.assertTrue(Assert.java:52)
	at com.tests.DemoWebShopLoginTestWithPOMdesignpattern.test2(DemoWebShopLoginTestWithPOMdesignpattern.java:37)
	at sun.reflect.NativeMethodAccessorImpl.invoke0(Native Method)
	at sun.reflect.NativeMethodAccessorImpl.invoke(Unknown Source)
	at sun.reflect.DelegatingMethodAccessorImpl.invoke(Unknown Source)
	at java.lang.reflect.Method.invoke(Unknown Source)
	at org.testng.internal.MethodInvocationHelper.invokeMethod(MethodInvocationHelper.java:104)
	at org.testng.internal.Invoker.invokeMethod(Invoker.java:645)
	at org.testng.internal.Invoker.invokeTestMethod(Invoker.java:851)
	at org.testng.internal.Invoker.invokeTestMethods(Invoker.java:1177)
	at org.testng.internal.TestMethodWorker.invokeTestMethods(TestMethodWorker.java:129)
	at org.testng.internal.TestMethodWorker.run(TestMethodWorker.java:112)
	at org.testng.TestRunner.privateRun(TestRunner.java:756)
	at org.testng.TestRunner.run(TestRunner.java:610)
	at org.testng.SuiteRunner.runTest(SuiteRunner.java:387)
	at org.testng.SuiteRunner.runSequentially(SuiteRunner.java:382)
	at org.testng.SuiteRunner.privateRun(SuiteRunner.java:340)
	at org.testng.SuiteRunner.run(SuiteRunner.java:289)
	at org.testng.SuiteRunnerWorker.runSuite(SuiteRunnerWorker.java:52)
	at org.testng.SuiteRunnerWorker.run(SuiteRunnerWorker.java:86)
	at org.testng.TestNG.runSuitesSequentially(TestNG.java:1293)
	at org.testng.TestNG.runSuitesLocally(TestNG.java:1218)
	at org.testng.TestNG.runSuites(TestNG.java:1133)
	at org.testng.TestNG.run(TestNG.java:1104)
	at org.testng.remote.AbstractRemoteTestNG.run(AbstractRemoteTestNG.java:132)
	at org.testng.remote.RemoteTestNG.initAndRun(RemoteTestNG.java:236)
	at org.testng.remote.RemoteTestNG.main(RemoteTestNG.java:81)
]]>
            </full-stacktrace>
          </exception> <!-- java.lang.AssertionError -->
          <reporter-output>
          </reporter-output>
        </test-method> <!-- test2 -->
        <test-method status="PASS" signature="afterTest()[pri:0, instance:com.tests.DemoWebShopLoginTestWithPOMdesignpattern@4520ebad]" name="afterTest" is-config="true" duration-ms="148" started-at="2019-07-03T21:19:48Z" finished-at="2019-07-03T21:19:48Z">
          <reporter-output>
          </reporter-output>
        </test-method> <!-- afterTest -->
      </class> <!-- com.tests.DemoWebShopLoginTestWithPOMdesignpattern -->
    </test> <!-- Default test -->
  </suite> <!-- Default suite -->
</testng-results>
