<?xml version="1.0" encoding="UTF-8"?>
<testng-results skipped="0" failed="1" ignored="0" total="3" passed="2">
  <reporter-output>
  </reporter-output>
  <suite name="Suite" duration-ms="63723" started-at="2020-07-02T17:50:40 IST" finished-at="2020-07-02T17:51:44 IST">
    <groups>
    </groups>
    <test name="Test" duration-ms="63723" started-at="2020-07-02T17:50:40 IST" finished-at="2020-07-02T17:51:44 IST">
      <class name="com.test.NewTest7">
        <test-method status="PASS" signature="openBrowser()[pri:0, instance:com.test.NewTest7@23faf8f2]" name="openBrowser" is-config="true" duration-ms="19268" started-at="2020-07-02T17:50:40 IST" finished-at="2020-07-02T17:50:59 IST">
          <reporter-output>
          </reporter-output>
        </test-method> <!-- openBrowser -->
        <test-method status="PASS" signature="login(java.lang.String, java.lang.String)[pri:0, instance:com.test.NewTest7@23faf8f2]" name="login" duration-ms="8660" started-at="2020-07-02T17:51:00 IST" data-provider="supplyData" finished-at="2020-07-02T17:51:08 IST">
          <params>
            <param index="0">
              <value>
                <![CDATA[kannan1@gmail.com]]>
              </value>
            </param>
            <param index="1">
              <value>
                <![CDATA[test1234]]>
              </value>
            </param>
          </params>
          <reporter-output>
          </reporter-output>
        </test-method> <!-- login -->
        <test-method status="PASS" signature="captureStatus(org.testng.ITestResult)[pri:0, instance:com.test.NewTest7@23faf8f2]" name="captureStatus" is-config="true" duration-ms="7" started-at="2020-07-02T17:51:08 IST" finished-at="2020-07-02T17:51:08 IST">
          <params>
            <param index="0">
              <value>
                <![CDATA[[TestResult name=login status=SUCCESS method=NewTest7.login(java.lang.String, java.lang.String)[pri:0, instance:com.test.NewTest7@23faf8f2] output={null}]]]>
              </value>
            </param>
          </params>
          <reporter-output>
          </reporter-output>
        </test-method> <!-- captureStatus -->
        <test-method status="FAIL" signature="login(java.lang.String, java.lang.String)[pri:0, instance:com.test.NewTest7@23faf8f2]" name="login" duration-ms="5320" started-at="2020-07-02T17:51:08 IST" data-provider="supplyData" finished-at="2020-07-02T17:51:14 IST">
          <params>
            <param index="0">
              <value>
                <![CDATA[kim@gmail.com]]>
              </value>
            </param>
            <param index="1">
              <value>
                <![CDATA[pass1234]]>
              </value>
            </param>
          </params>
          <exception class="java.lang.AssertionError">
            <message>
              <![CDATA[expected [true] but found [false]]]>
            </message>
            <full-stacktrace>
              <![CDATA[java.lang.AssertionError: expected [true] but found [false]
at org.testng.Assert.fail(Assert.java:97)
at org.testng.Assert.failNotEquals(Assert.java:969)
at org.testng.Assert.assertTrue(Assert.java:43)
at org.testng.Assert.assertTrue(Assert.java:53)
at com.test.NewTest7.login(NewTest7.java:108)
at sun.reflect.NativeMethodAccessorImpl.invoke0(Native Method)
at sun.reflect.NativeMethodAccessorImpl.invoke(Unknown Source)
at sun.reflect.DelegatingMethodAccessorImpl.invoke(Unknown Source)
at java.lang.reflect.Method.invoke(Unknown Source)
at org.testng.internal.MethodInvocationHelper.invokeMethod(MethodInvocationHelper.java:134)
at org.testng.internal.TestInvoker.invokeMethod(TestInvoker.java:597)
at org.testng.internal.TestInvoker.invokeTestMethod(TestInvoker.java:173)
at org.testng.internal.MethodRunner.runInSequence(MethodRunner.java:46)
at org.testng.internal.TestInvoker$MethodInvocationAgent.invoke(TestInvoker.java:816)
at org.testng.internal.TestInvoker.invokeTestMethods(TestInvoker.java:146)
at org.testng.internal.TestMethodWorker.invokeTestMethods(TestMethodWorker.java:146)
at org.testng.internal.TestMethodWorker.run(TestMethodWorker.java:128)
at java.util.ArrayList.forEach(Unknown Source)
at org.testng.TestRunner.privateRun(TestRunner.java:766)
at org.testng.TestRunner.run(TestRunner.java:587)
at org.testng.SuiteRunner.runTest(SuiteRunner.java:384)
at org.testng.SuiteRunner.runSequentially(SuiteRunner.java:378)
at org.testng.SuiteRunner.privateRun(SuiteRunner.java:337)
at org.testng.SuiteRunner.run(SuiteRunner.java:286)
at org.testng.SuiteRunnerWorker.runSuite(SuiteRunnerWorker.java:53)
at org.testng.SuiteRunnerWorker.run(SuiteRunnerWorker.java:96)
at org.testng.TestNG.runSuitesSequentially(TestNG.java:1187)
at org.testng.TestNG.runSuitesLocally(TestNG.java:1109)
at org.testng.TestNG.runSuites(TestNG.java:1039)
at org.testng.TestNG.run(TestNG.java:1007)
at org.testng.remote.AbstractRemoteTestNG.run(AbstractRemoteTestNG.java:115)
at org.testng.remote.RemoteTestNG.initAndRun(RemoteTestNG.java:251)
at org.testng.remote.RemoteTestNG.main(RemoteTestNG.java:77)
]]>
            </full-stacktrace>
          </exception> <!-- java.lang.AssertionError -->
          <reporter-output>
          </reporter-output>
        </test-method> <!-- login -->
        <test-method status="PASS" signature="captureStatus(org.testng.ITestResult)[pri:0, instance:com.test.NewTest7@23faf8f2]" name="captureStatus" is-config="true" duration-ms="446" started-at="2020-07-02T17:51:14 IST" finished-at="2020-07-02T17:51:14 IST">
          <params>
            <param index="0">
              <value>
                <![CDATA[[TestResult name=login status=FAILURE method=NewTest7.login(java.lang.String, java.lang.String)[pri:0, instance:com.test.NewTest7@23faf8f2] output={null}]]]>
              </value>
            </param>
          </params>
          <reporter-output>
          </reporter-output>
        </test-method> <!-- captureStatus -->
        <test-method status="PASS" signature="login(java.lang.String, java.lang.String)[pri:0, instance:com.test.NewTest7@23faf8f2]" name="login" duration-ms="28757" started-at="2020-07-02T17:51:14 IST" data-provider="supplyData" finished-at="2020-07-02T17:51:43 IST">
          <params>
            <param index="0">
              <value>
                <![CDATA[kannan2@gmail.com]]>
              </value>
            </param>
            <param index="1">
              <value>
                <![CDATA[test1234]]>
              </value>
            </param>
          </params>
          <reporter-output>
          </reporter-output>
        </test-method> <!-- login -->
        <test-method status="PASS" signature="captureStatus(org.testng.ITestResult)[pri:0, instance:com.test.NewTest7@23faf8f2]" name="captureStatus" is-config="true" duration-ms="0" started-at="2020-07-02T17:51:43 IST" finished-at="2020-07-02T17:51:43 IST">
          <params>
            <param index="0">
              <value>
                <![CDATA[[TestResult name=login status=SUCCESS method=NewTest7.login(java.lang.String, java.lang.String)[pri:0, instance:com.test.NewTest7@23faf8f2] output={null}]]]>
              </value>
            </param>
          </params>
          <reporter-output>
          </reporter-output>
        </test-method> <!-- captureStatus -->
        <test-method status="PASS" signature="closeBrowser()[pri:0, instance:com.test.NewTest7@23faf8f2]" name="closeBrowser" is-config="true" duration-ms="621" started-at="2020-07-02T17:51:43 IST" finished-at="2020-07-02T17:51:44 IST">
          <reporter-output>
          </reporter-output>
        </test-method> <!-- closeBrowser -->
      </class> <!-- com.test.NewTest7 -->
    </test> <!-- Test -->
  </suite> <!-- Suite -->
</testng-results>
